<?xml version="1.0" encoding="UTF-8"?>
<!-- Generated by org.testng.reporters.JUnitReportReporter -->
<testsuite skipped="0" hostname="ip-172-31-64-72" name="test.ProductSelection" tests="3" failures="0" timestamp="2021-06-27T07:16:04 UTC" time="0.696" errors="0">
  <testcase name="login" time="0.454" classname="test.ProductSelection"/>
  <system-out/>
  <testcase name="cart" time="0.099" classname="test.ProductSelection"/>
  <system-out/>
  <testcase name="addtocart" time="0.143" classname="test.ProductSelection"/>
  <system-out/>
</testsuite> <!-- test.ProductSelection -->
